<?xml version="1.0" encoding="UTF-8"?>
<!-- Generated by org.testng.reporters.JUnitXMLReporter -->
<testsuite hostname="HP" name="Default test" tests="3" failures="0" timestamp="23 Jan 2020 06:52:20 GMT" time="114.268" errors="0">
  <testcase name="HomePageTitle" time="2.007" classname="com.shopping.qa.testcases.HomePageTestcase"/>
  <testcase name="HomePageLogo" time="1.383" classname="com.shopping.qa.testcases.HomePageTestcase"/>
  <testcase name="Loginbtn" time="6.891" classname="com.shopping.qa.testcases.HomePageTestcase"/>
</testsuite> <!-- Default test -->
