<?xml version="1.0" encoding="UTF-8"?>
<!-- Generated by org.testng.reporters.JUnitXMLReporter -->
<testsuite hostname="HP" name="HomePage Test Case" tests="3" failures="0" timestamp="23 Jan 2020 07:26:10 GMT" time="107.978" errors="0">
  <testcase name="HomePageTitle" time="0.534" classname="com.shopping.qa.testcases.HomePageTestcase"/>
  <testcase name="HomePageLogo" time="0.513" classname="com.shopping.qa.testcases.HomePageTestcase"/>
  <testcase name="Loginbtn" time="6.118" classname="com.shopping.qa.testcases.HomePageTestcase"/>
</testsuite> <!-- HomePage Test Case -->
